Arguments: 
  C:\Program Files\nodejs\node.exe C:\Users\MuktarDev\AppData\Roaming\npm\node_modules\yarn\bin\yarn.js add react-router-dom@latest

PATH: 
  C:\WINDOWS\system32;C:\WINDOWS;C:\WINDOWS\System32\Wbem;C:\WINDOWS\System32\WindowsPowerShell\v1.0\;C:\Program Files\nodejs\;C:\WINDOWS\System32\OpenSSH\;C:\Users\MuktarDev\AppData\Local\Programs\Python\Python311\Scripts\;C:\Users\MuktarDev\AppData\Local\Programs\Python\Python311\;C:\Users\MuktarDev\AppData\Local\Programs\Microsoft VS Code\bin;C:\Users\MuktarDev\AppData\Roaming\npm;%USERPROFILE%\AppData\Local\Microsoft\WindowsApps;

Yarn version: 
  1.22.19

Node version: 
  18.17.1

Platform: 
  win32 x64

Trace: 
  Error: https://registry.yarnpkg.com/@mui/icons-material/-/icons-material-5.14.6.tgz: ESOCKETTIMEDOUT
      at ClientRequest.<anonymous> (C:\Users\MuktarDev\AppData\Roaming\npm\node_modules\yarn\lib\cli.js:141517:19)
      at Object.onceWrapper (node:events:628:28)
      at ClientRequest.emit (node:events:514:28)
      at TLSSocket.emitRequestTimeout (node:_http_client:847:9)
      at Object.onceWrapper (node:events:628:28)
      at TLSSocket.emit (node:events:526:35)
      at Socket._onTimeout (node:net:571:8)
      at listOnTimeout (node:internal/timers:569:17)
      at process.processTimers (node:internal/timers:512:7)

npm manifest: 
  {
    "name": "fikeadmin",
    "version": "0.1.0",
    "private": true,
    "dependencies": {
      "@emotion/react": "^11.10.4",
      "@emotion/styled": "^11.10.4",
      "@fullcalendar/core": "^5.11.3",
      "@fullcalendar/daygrid": "^5.11.3",
      "@fullcalendar/interaction": "^5.11.3",
      "@fullcalendar/list": "^5.11.3",
      "@fullcalendar/react": "^5.11.2",
      "@fullcalendar/timegrid": "^5.11.3",
      "@mui/icons-material": "^5.10.3",
      "@mui/material": "^5.10.5",
      "@mui/x-data-grid": "^5.17.2",
      "@nivo/bar": "^0.80.0",
      "@nivo/core": "^0.79.0",
      "@nivo/geo": "^0.80.0",
      "@nivo/line": "^0.79.1",
      "@nivo/pie": "^0.80.0",
      "@reduxjs/toolkit": "^1.8.5",
      "@testing-library/jest-dom": "^5.17.0",
      "@testing-library/react": "^13.4.0",
      "@testing-library/user-event": "^13.5.0",
      "axios": "^1.4.0",
      "chart.js": "^3.9.1",
      "formik": "^2.2.9",
      "jwt-decode": "^3.1.2",
      "react": "^18.2.0",
      "react-chartjs-2": "^5.2.0",
      "react-datepicker": "^4.16.0",
      "react-dom": "^18.2.0",
      "react-pro-sidebar": "^0.7.1",
      "react-redux": "^8.1.2",
      "react-router-dom": "^6.15.0",
      "react-scripts": "5.0.1",
      "react-toastify": "^9.1.3",
      "sweetalert2": "^11.7.27",
      "web-vitals": "^2.1.4",
      "yarn": "^1.22.19",
      "yup": "^1.2.0"
    },
    "scripts": {
      "start": "react-scripts start",
      "build": "react-scripts build",
      "test": "react-scripts test",
      "eject": "react-scripts eject"
    },
    "eslintConfig": {
      "extends": [
        "react-app",
        "react-app/jest"
      ]
    },
    "browserslist": {
      "production": [
        ">0.2%",
        "not dead",
        "not op_mini all"
      ],
      "development": [
        "last 1 chrome version",
        "last 1 firefox version",
        "last 1 safari version"
      ]
    }
  }

yarn manifest: 
  No manifest

Lockfile: 
  No lockfile
